<?xml version="1.0" encoding="UTF-8"?>
<robot generator="Robot 3.0 (Jython 2.7.0 on java1.8.0_161)" generated="20180410 11:25:19.159">
<suite source="C:\Users\geust_tester\Documents\demo\robot_suite\verify_operations.txt" name="Verify Operations" id="s1">
<test name="Purposful Fail of Verify Zip Search" id="s1-t1">
<kw library="TestRedFin" name="Open Red Fin Tab">
<msg level="TRACE" timestamp="20180410 11:25:21.524">Arguments: [  ]</msg>
<msg level="INFO" timestamp="20180410 11:25:26.384">PASS: 
PASS: Opened Red Fin</msg>
<msg level="INFO" html="yes" timestamp="20180410 11:25:26.385">Source Image &lt;img src="../C:\Users\geust_tester\Documents\demo\calc.sikuli/1523316031852.png" /&gt;</msg>
<msg level="INFO" html="yes" timestamp="20180410 11:25:26.385">Best Matches &lt;img src="../results/matches/2018-04-10_11-25-26.png" /&gt;</msg>
<msg level="INFO" timestamp="20180410 11:25:26.385">Matched with score: 1.0
[log] CLICK on L(1009,21)@S(0)[0,0 1920x1080] (528 msec)
[log]  TYPE "https://www.redfin.com#ENTER."</msg>
<msg level="TRACE" timestamp="20180410 11:25:26.390">Return: None</msg>
<status endtime="20180410 11:25:26.392" starttime="20180410 11:25:21.524" status="PASS"></status>
</kw>
<kw library="Calculator" name="Go Home">
<msg level="TRACE" timestamp="20180410 11:25:26.399">Arguments: [  ]</msg>
<msg level="TRACE" timestamp="20180410 11:25:27.338">Return: None</msg>
<status endtime="20180410 11:25:27.339" starttime="20180410 11:25:26.397" status="PASS"></status>
</kw>
<kw library="Calculator" name="Click More">
<msg level="TRACE" timestamp="20180410 11:25:27.342">Arguments: [  ]</msg>
<msg level="INFO" timestamp="20180410 11:25:28.126">[log] CLICK on L(430,703)@S(0)[0,0 1920x1080] (534 msec)</msg>
<msg level="TRACE" timestamp="20180410 11:25:28.127">Return: None</msg>
<status endtime="20180410 11:25:28.128" starttime="20180410 11:25:27.341" status="PASS"></status>
</kw>
<kw library="Calculator" name="Search Val">
<arguments>
<arg>92124</arg>
</arguments>
<msg level="TRACE" timestamp="20180410 11:25:28.131">Arguments: [ '92124' ]</msg>
<msg level="INFO" timestamp="20180410 11:25:30.328">[log] CLICK on L(571,120)@S(0)[0,0 1920x1080] (542 msec)
[log]  TYPE "92124#ENTER."</msg>
<msg level="TRACE" timestamp="20180410 11:25:30.329">Return: None</msg>
<status endtime="20180410 11:25:30.331" starttime="20180410 11:25:28.130" status="PASS"></status>
</kw>
<kw library="Calculator" name="Verify 92123">
<msg level="TRACE" timestamp="20180410 11:25:30.333">Arguments: [  ]</msg>
<msg level="INFO" html="yes" timestamp="20180410 11:25:34.050">Source Image &lt;img src="../C:\Users\geust_tester\Documents\demo\calc.sikuli/1522985172150.png" /&gt;</msg>
<msg level="INFO" html="yes" timestamp="20180410 11:25:34.050">&lt;img src="../results/screenshots/2018-04-10_11-25-33.png" /&gt;</msg>
<msg level="FAIL" timestamp="20180410 11:25:34.050">VerificationFailed: 
FAIL: is not 92123 zipcode</msg>
<msg level="DEBUG" timestamp="20180410 11:25:34.065">Traceback (most recent call last):
  File "C:\Users\geust_tester\Documents\demo\calc.sikuli\calc.py", line 44, in verify92123
    self.log.failed("\nFAIL: is not 92123 zipcode")
  File "C:\Users\geust_tester\Documents\demo\calc.sikuli\logger.py", line 65, in failed
    raise common.VerificationFailed(msg)</msg>
<status endtime="20180410 11:25:34.066" starttime="20180410 11:25:30.332" status="FAIL"></status>
</kw>
<tags>
<tag>Fail</tag>
</tags>
<status critical="yes" endtime="20180410 11:25:34.069" starttime="20180410 11:25:21.524" status="FAIL">VerificationFailed: 
FAIL: is not 92123 zipcode</status>
</test>
<status endtime="20180410 11:25:34.069" starttime="20180410 11:25:19.174" status="FAIL"></status>
</suite>
<statistics>
<total>
<stat pass="0" fail="1">Critical Tests</stat>
<stat pass="0" fail="1">All Tests</stat>
</total>
<tag>
<stat pass="0" fail="1">Fail</stat>
</tag>
<suite>
<stat pass="0" fail="1" name="Verify Operations" id="s1">Verify Operations</stat>
</suite>
</statistics>
<errors>
</errors>
</robot>
